<?xml version="1.0" encoding="UTF-8"?>
<!-- Generated by org.testng.reporters.JUnitXMLReporter -->
<testsuite ignored="0" hostname="Mrinmoys-MacBook-Pro-M1.local" failures="1" tests="2" name="Surefire test" time="25.115" errors="0" timestamp="2026-03-08T12:19:17 EDT">
  <testcase classname="io.cucumber.testng.AbstractTestNGCucumberTests" name="runScenario" time="7.08">
    <failure type="java.lang.AssertionError" message="expected [Login Successfully] but found [Incorrect email or password.]">
      <![CDATA[java.lang.AssertionError: expected [Login Successfully] but found [Incorrect email or password.]
at biswasacademy.stepDefinitions.StepDefinitionsImp.message_is_displayed(StepDefinitionsImp.java:67)
at ✽."Incorrect email or password." message is displayed(file:///Users/mrinmoy/Documents-Local/Documents/Development_Local/CICD/Introduction/src/test/java/cucumber/ErrorValidations.feature:7)
... Removed 6 stack frames]]>
    </failure>
  </testcase> <!-- runScenario -->
  <testcase classname="io.cucumber.testng.AbstractTestNGCucumberTests" name="runScenario" time="17.789"/>
</testsuite> <!-- Surefire test -->
