<?xml version="1.0" encoding="UTF-8"?>
<!-- Generated by org.testng.reporters.JUnitXMLReporter -->
<testsuite ignored="1" hostname="Mrinmoys-MacBook-Pro-M1.local" failures="1" tests="2" name="Error Validation Test" time="13.336" errors="0" timestamp="2026-03-08T12:30:36 EDT">
  <testcase classname="biswasacademy.Tests.ErrorValidationsTest" name="LoginErrorValidation" time="0.989">
    <skipped/>
  </testcase> <!-- LoginErrorValidation -->
  <testcase classname="biswasacademy.Tests.ErrorValidationsTest" name="LoginErrorValidation" time="0.95">
    <failure type="java.lang.AssertionError" message="expected [Login Successfully] but found [Incorrect email or password.]">
      <![CDATA[java.lang.AssertionError: expected [Login Successfully] but found [Incorrect email or password.]
at biswasacademy.Tests.ErrorValidationsTest.LoginErrorValidation(ErrorValidationsTest.java:20)
at java.base/java.util.ArrayList.forEach(ArrayList.java:1604)
... Removed 35 stack frames]]>
    </failure>
  </testcase> <!-- LoginErrorValidation -->
  <testcase classname="biswasacademy.Tests.ErrorValidationsTest" name="ProductErrorValidation" time="0.0">
    <ignored/>
  </testcase> <!-- ProductErrorValidation -->
</testsuite> <!-- Error Validation Test -->
