-------------------------------------------------------------------------------
Test set: cucumber.TestNGTestRunner
-------------------------------------------------------------------------------
Tests run: 2, Failures: 1, Errors: 0, Skipped: 0, Time elapsed: 25.30 s <<< FAILURE! -- in cucumber.TestNGTestRunner
cucumber.TestNGTestRunner.runScenario["Error validation Test", "Error validation"](1) -- Time elapsed: 7.082 s <<< FAILURE!
java.lang.AssertionError: expected [Login Successfully] but found [Incorrect email or password.]
	at org.testng.Assert.fail(Assert.java:111)
	at org.testng.Assert.failNotEquals(Assert.java:1590)
	at org.testng.Assert.assertEqualsImpl(Assert.java:150)
	at org.testng.Assert.assertEquals(Assert.java:132)
	at org.testng.Assert.assertEquals(Assert.java:656)
	at org.testng.Assert.assertEquals(Assert.java:666)
	at biswasacademy.stepDefinitions.StepDefinitionsImp.message_is_displayed(StepDefinitionsImp.java:67)
	at ✽."Incorrect email or password." message is displayed(file:///Users/mrinmoy/Documents-Local/Documents/Development_Local/CICD/Introduction/src/test/java/cucumber/ErrorValidations.feature:7)

