<?xml version="1.0" encoding="UTF-8"?>
<testng-results ignored="0" total="1" passed="1" failed="0" skipped="0">
  <reporter-output>
  </reporter-output>
  <suite started-at="2026-03-08T16:27:30 EDT" name="Loan Department" finished-at="2026-03-08T16:27:42 EDT" duration-ms="11344">
    <groups>
      <group name="BKM">
        <method signature="UploadDownlaod.uploadDownload()[pri:0, instance:UploadDownload.UploadDownlaod@30b7c004]" name="uploadDownload" class="UploadDownload.UploadDownlaod"/>
      </group> <!-- BKM -->
    </groups>
    <test started-at="2026-03-08T16:27:30 EDT" name="Regression" finished-at="2026-03-08T16:27:42 EDT" duration-ms="11344">
      <class name="UploadDownload.UploadDownlaod">
        <test-method signature="uploadDownload()[pri:0, instance:UploadDownload.UploadDownlaod@30b7c004]" started-at="2026-03-08T16:27:30 EDT" name="uploadDownload" finished-at="2026-03-08T16:27:42 EDT" duration-ms="11319" status="PASS">
          <reporter-output>
          </reporter-output>
        </test-method> <!-- uploadDownload -->
      </class> <!-- UploadDownload.UploadDownlaod -->
    </test> <!-- Regression -->
  </suite> <!-- Loan Department -->
</testng-results>
