-------------------------------------------------------------------------------
Test set: TestSuite
-------------------------------------------------------------------------------
Tests run: 1, Failures: 1, Errors: 0, Skipped: 0, Time elapsed: 10.887 sec <<< FAILURE!
uploadDownload(UploadDownload.UploadDownlaod)  Time elapsed: 10.681 sec  <<< FAILURE!
java.lang.AssertionError: expected [598] but found [345]
	at org.testng.Assert.fail(Assert.java:111)
	at org.testng.Assert.failNotEquals(Assert.java:1590)
	at org.testng.Assert.assertEqualsImpl(Assert.java:150)
	at org.testng.Assert.assertEquals(Assert.java:132)
	at org.testng.Assert.assertEquals(Assert.java:656)
	at org.testng.Assert.assertEquals(Assert.java:666)
	at UploadDownload.UploadDownlaod.uploadDownload(UploadDownlaod.java:82)

