<?xml version="1.0" encoding="UTF-8"?>
<!-- Generated by org.testng.reporters.JUnitReportReporter -->
<testsuite hostname="Mrinmoys-MacBook-Pro-M1.local" failures="1" tests="2" name="cucumber.TestNGTestRunner" time="24.869" errors="0" timestamp="2026-03-08T12:19:17 EDT" skipped="0">
  <testcase classname="cucumber.TestNGTestRunner" name="runScenario" time="7.080">
    <failure message="expected [Login Successfully] but found [Incorrect email or password.]" type="java.lang.AssertionError">
      <![CDATA[java.lang.AssertionError: expected [Login Successfully] but found [Incorrect email or password.]
at org.testng.Assert.fail(Assert.java:111)
at org.testng.Assert.failNotEquals(Assert.java:1590)
at org.testng.Assert.assertEqualsImpl(Assert.java:150)
at org.testng.Assert.assertEquals(Assert.java:132)
at org.testng.Assert.assertEquals(Assert.java:656)
at org.testng.Assert.assertEquals(Assert.java:666)
at biswasacademy.stepDefinitions.StepDefinitionsImp.message_is_displayed(StepDefinitionsImp.java:67)
at ✽."Incorrect email or password." message is displayed(file:///Users/mrinmoy/Documents-Local/Documents/Development_Local/CICD/Introduction/src/test/java/cucumber/ErrorValidations.feature:7)
]]>
    </failure>
  </testcase> <!-- runScenario -->
  <testcase classname="cucumber.TestNGTestRunner" name="runScenario" time="17.789"/>
</testsuite> <!-- cucumber.TestNGTestRunner -->
